<?xml version="1.0" encoding="UTF-8"?>
<!-- Generated by org.testng.reporters.JUnitReportReporter -->
<testsuite skipped="0" hostname="LAPTOP-VSG6M91L" name="week5day1.ReadExcel" tests="1" failures="0" timestamp="28 Jul 2018 04:27:45 GMT" time="0.837" errors="0">
  <testcase name="ReadExcel" time="0.837" classname="week5day1.ReadExcel"/>
</testsuite> <!-- week5day1.ReadExcel -->
