<?xml version="1.0" encoding="UTF-8"?>
<!-- Generated by org.testng.reporters.JUnitReportReporter -->
<testsuite skipped="0" hostname="LAPTOP-VSG6M91L" name="testcases_pom.TC002_CreatingNewLead_Negative" tests="1" failures="0" timestamp="29 Jul 2018 07:08:57 GMT" time="24.052" errors="0">
  <testcase name="createLead" time="24.052" classname="testcases_pom.TC002_CreatingNewLead_Negative"/>
</testsuite> <!-- testcases_pom.TC002_CreatingNewLead_Negative -->
