<?xml version="1.0" encoding="UTF-8"?>
<!-- Generated by org.testng.reporters.JUnitReportReporter -->
<testsuite skipped="0" hostname="LAPTOP-VSG6M91L" name="testcase.DeleteLead" tests="1" failures="0" timestamp="11 Aug 2018 10:42:27 GMT" time="0.032" errors="0">
  <testcase name="deleteLead" time="0.032" classname="testcase.DeleteLead"/>
</testsuite> <!-- testcase.DeleteLead -->
