<?xml version="1.0" encoding="UTF-8"?>
<!-- Generated by org.testng.reporters.JUnitReportReporter -->
<testsuite skipped="0" hostname="LAPTOP-VSG6M91L" name="testcase.CreateLead" tests="2" failures="0" timestamp="22 Jul 2018 04:20:41 GMT" time="44.538" errors="0">
  <testcase name="createLead" time="23.127" classname="testcase.CreateLead"/>
  <testcase name="createLead" time="21.411" classname="testcase.CreateLead"/>
</testsuite> <!-- testcase.CreateLead -->
