<?xml version="1.0" encoding="UTF-8"?>
<!-- Generated by org.testng.reporters.JUnitReportReporter -->
<testsuite skipped="0" hostname="LAPTOP-VSG6M91L" name="Grid.JqueryUi" tests="1" failures="0" timestamp="04 Aug 2018 10:26:05 GMT" time="21.198" errors="0">
  <testcase name="frame" time="21.198" classname="Grid.JqueryUi"/>
</testsuite> <!-- Grid.JqueryUi -->
